                     SINGULAR                                 /  Development
 A Computer Algebra System for Polynomial Computations       /   version 4.3.2
                                                           0<
 by: W. Decker, G.-M. Greuel, G. Pfister, H. Schoenemann     \   Feb 2023
FB Mathematik der Universitaet, D-67653 Kaiserslautern        \  Debian 1:4.3.2-p10+ds-1.1build1
CASE H-0
SYSTEM_SHA256 d6da3bbd8a47232b077cf7e5297d5d3489aa5751da174f7e1974ad8de227507e
RAW_CONSTANT_BASIS
G[1]=30
UNIT_BASIS_CHECK
1
1
LIFT_IDENTITY_CHECK
1
CERTIFICATE_MATRIX
ROW 1
0
ROW 2
0
ROW 3
0
ROW 4
0
ROW 5
0
ROW 6
0
ROW 7
0
ROW 8
0
ROW 9
0
ROW 10
0
ROW 11
0
ROW 12
0
ROW 13
0
ROW 14
1/6
ROW 15
0
ROW 16
0
ROW 17
0
ROW 18
0
ROW 19
0
ROW 20
-7/30
ROW 21
0
ROW 22
0
ROW 23
0
ROW 24
0
ROW 25
0
ROW 26
0
ROW 27
0
ROW 28
0
ROW 29
0
ROW 30
0
ROW 31
1/3
ROW 32
0
ROW 33
0
ROW 34
0
ROW 35
0
ROW 36
0

$Bye.
