                     SINGULAR                                 /  Development
 A Computer Algebra System for Polynomial Computations       /   version 4.3.2
                                                           0<
 by: W. Decker, G.-M. Greuel, G. Pfister, H. Schoenemann     \   Feb 2023
FB Mathematik der Universitaet, D-67653 Kaiserslautern        \  Debian 1:4.3.2-p10+ds-1.1build1
CASE H-m
SYSTEM_SHA256 a266649de502a2116815fa29d80ed8997f16f0027c70dc9ab1264548c9b2b66c
RAW_CONSTANT_BASIS
G[1]=30
UNIT_BASIS_CHECK
1
1
LIFT_IDENTITY_CHECK
1
CERTIFICATE_MATRIX
ROW 1
-m^4+m
ROW 2
m^4-m^2
ROW 3
-m^4+m^3
ROW 4
0
ROW 5
m^5-m^4
ROW 6
1
ROW 7
-4/3*m+1/3
ROW 8
5/3*m^2-2/3*m
ROW 9
-2*m^3+m^2
ROW 10
7/3*m^4-4/3*m^3
ROW 11
-8/3*m^5+5/3*m^4
ROW 12
-1
ROW 13
5/3*m-2/3
ROW 14
-5/2*m^2+5/3*m-1/6
ROW 15
7/2*m^3-3*m^2+1/2*m
ROW 16
-14/3*m^4+14/3*m^3-m^2
ROW 17
1
ROW 18
-2*m+1
ROW 19
7/2*m^2-3*m+1/2
ROW 20
-28/5*m^3+63/10*m^2-9/5*m+1/10
ROW 21
-1
ROW 22
7/3*m-4/3
ROW 23
-14/3*m^2+14/3*m-1
ROW 24
0
ROW 25
-5/3*m+5/3
ROW 26
m^4
ROW 27
0
ROW 28
0
ROW 29
0
ROW 30
0
ROW 31
0
ROW 32
0
ROW 33
0
ROW 34
0
ROW 35
0
ROW 36
-1

$Bye.
